#
# There is insufficient memory for the Java Runtime Environment to continue.
# Native memory allocation (malloc) failed to allocate 65536 bytes for committing reserved memory.
# Possible reasons:
#   The system is out of physical RAM or swap space
#   In 32 bit mode, the process size limit was hit
# Possible solutions:
#   Reduce memory load on the system
#   Increase physical memory or swap space
#   Check if swap backing store is full
#   Use 64 bit Java on a 64 bit OS
#   Decrease Java heap size (-Xmx/-Xms)
#   Decrease number of Java threads
#   Decrease Java thread stack sizes (-Xss)
#   Set larger code cache with -XX:ReservedCodeCacheSize=
# This output file may be truncated or incomplete.
#
#  Out of Memory Error (os_linux.cpp:2798), pid=8510, tid=140108059731712
#
# JRE version: OpenJDK Runtime Environment (7.0_65-b32) (build 1.7.0_65-b32)
# Java VM: OpenJDK 64-Bit Server VM (24.65-b04 mixed mode linux-amd64 compressed oops)
# Derivative: IcedTea 2.5.3
# Distribution: Ubuntu 14.04 LTS, package 7u71-2.5.3-0ubuntu0.14.04.1
# Failed to write core dump. Core dumps have been disabled. To enable core dumping, try "ulimit -c unlimited" before starting Java again
#

---------------  T H R E A D  ---------------

Current thread (0x00007f6d800ae000):  JavaThread "C2 CompilerThread1" daemon [_thread_in_vm, id=8524, stack(0x00007f6d73116000,0x00007f6d73217000)]

Stack: [0x00007f6d73116000,0x00007f6d73217000],  sp=0x00007f6d73213f20,  free space=1015k
Native frames: (J=compiled Java code, j=interpreted, Vv=VM code, C=native code)
V  [libjvm.so+0x948b05]  VMError::report_and_die()+0x175
V  [libjvm.so+0x48bc34]  report_vm_out_of_memory(char const*, int, unsigned long, char const*)+0x74
V  [libjvm.so+0x7c7bfb]  os::pd_commit_memory(char*, unsigned long, unsigned long, bool)+0xeb
V  [libjvm.so+0x7c26bf]  os::commit_memory(char*, unsigned long, unsigned long, bool)+0x1f
V  [libjvm.so+0x9459f4]  VirtualSpace::expand_by(unsigned long, bool)+0x1c4
V  [libjvm.so+0x57b55c]  CodeHeap::expand_by(unsigned long)+0x6c
V  [libjvm.so+0x41f8d6]  CodeCache::allocate(int)+0x36
V  [libjvm.so+0x79a9be]  nmethod::new_nmethod(methodHandle, int, int, CodeOffsets*, int, DebugInformationRecorder*, Dependencies*, CodeBuffer*, int, OopMapSet*, ExceptionHandlerTable*, ImplicitExceptionTable*, AbstractCompiler*, int)+0xfe
V  [libjvm.so+0x3cde78]  ciEnv::register_method(ciMethod*, int, CodeOffsets*, int, CodeBuffer*, int, OopMapSet*, ExceptionHandlerTable*, ImplicitExceptionTable*, AbstractCompiler*, int, bool, bool)+0x2c8
V  [libjvm.so+0x43fefe]  Compile::Compile(ciEnv*, C2Compiler*, ciMethod*, int, bool, bool)+0x115e
V  [libjvm.so+0x3adffa]  C2Compiler::compile_method(ciEnv*, ciMethod*, int)+0xca
V  [libjvm.so+0x445c97]  CompileBroker::invoke_compiler_on_method(CompileTask*)+0x327
V  [libjvm.so+0x446ddd]  CompileBroker::compiler_thread_loop()+0x3dd
V  [libjvm.so+0x8ffba0]  JavaThread::thread_main_inner()+0xf0
V  [libjvm.so+0x8ffe11]  JavaThread::run()+0x221
V  [libjvm.so+0x7c4ac2]  java_start(Thread*)+0xf2


Current CompileTask:
C2:  42501  859             com.android.dx.dex.code.OutputFinisher::performExpansion (273 bytes)


---------------  P R O C E S S  ---------------

Java Threads: ( => current thread )
  0x00007f6d800b0800 JavaThread "Service Thread" daemon [_thread_blocked, id=8525, stack(0x00007f6d73015000,0x00007f6d73116000)]
=>0x00007f6d800ae000 JavaThread "C2 CompilerThread1" daemon [_thread_in_vm, id=8524, stack(0x00007f6d73116000,0x00007f6d73217000)]
  0x00007f6d800ab000 JavaThread "C2 CompilerThread0" daemon [_thread_in_vm, id=8523, stack(0x00007f6d73217000,0x00007f6d73318000)]
  0x00007f6d800a9000 JavaThread "Signal Dispatcher" daemon [_thread_blocked, id=8522, stack(0x00007f6d73318000,0x00007f6d73419000)]
  0x00007f6d8007c000 JavaThread "Finalizer" daemon [_thread_blocked, id=8521, stack(0x00007f6d73afb000,0x00007f6d73bfc000)]
  0x00007f6d8007a000 JavaThread "Reference Handler" daemon [_thread_blocked, id=8520, stack(0x00007f6d73bfc000,0x00007f6d73cfd000)]
  0x00007f6d8000a800 JavaThread "main" [_thread_blocked, id=8512, stack(0x00007f6d864db000,0x00007f6d865dc000)]

Other Threads:
  0x00007f6d80075800 VMThread [stack: 0x00007f6d73cfd000,0x00007f6d73dfe000] [id=8519]
  0x00007f6d800bb000 WatcherThread [stack: 0x00007f6d72f14000,0x00007f6d73015000] [id=8526]

VM state:not at safepoint (normal execution)

VM Mutex/Monitor currently owned by a thread:  ([mutex/lock_event])
[0x00007f6d80005e00] CodeCache_lock - owner thread: 0x00007f6d800ae000
[0x00007f6d80007500] Compile_lock - owner thread: 0x00007f6d800ae000
[0x00007f6d80007600] MethodCompileQueue_lock - owner thread: 0x00007f6d800ae000

Heap
 PSYoungGen      total 135680K, used 128257K [0x00000000eaa80000, 0x00000000f3f80000, 0x0000000100000000)
  eden space 121856K, 95% used [0x00000000eaa80000,0x00000000f1cac958,0x00000000f2180000)
  from space 13824K, 82% used [0x00000000f3000000,0x00000000f3b13e00,0x00000000f3d80000)
  to   space 14848K, 0% used [0x00000000f2180000,0x00000000f2180000,0x00000000f3000000)
 ParOldGen       total 40448K, used 21978K [0x00000000c0000000, 0x00000000c2780000, 0x00000000eaa80000)
  object space 40448K, 54% used [0x00000000c0000000,0x00000000c1576ba0,0x00000000c2780000)
 PSPermGen       total 21504K, used 6540K [0x00000000b5a00000, 0x00000000b6f00000, 0x00000000c0000000)
  object space 21504K, 30% used [0x00000000b5a00000,0x00000000b6063000,0x00000000b6f00000)

Card table byte_map: [0x00007f6d7bd20000,0x00007f6d7bf74000] byte_map_base: 0x00007f6d7b773000

Polling page: 0x00007f6d865fe000

Code Cache  [0x00007f6d7bf74000, 0x00007f6d7c2b4000, 0x00007f6d7ef74000)
 total_blobs=1084 nmethods=850 adapters=184 free_code_cache=45877Kb largest_free_block=46932544

Compilation events (10 events):
Event: 35.112 Thread 0x00007f6d800ae000 nmethod 854 0x00007f6d7c2a0110 code [0x00007f6d7c2a0260, 0x00007f6d7c2a0358]
Event: 35.112 Thread 0x00007f6d800ae000  855             com.android.dx.dex.code.StdCatchBuilder::handlersFor (216 bytes)
Event: 35.169 Thread 0x00007f6d800ae000 nmethod 855 0x00007f6d7c2ab050 code [0x00007f6d7c2ab280, 0x00007f6d7c2ac138]
Event: 35.169 Thread 0x00007f6d800ae000  856             com.android.dx.dex.code.InsnFormat::unsignedFitsInByte (15 bytes)
Event: 35.170 Thread 0x00007f6d800ae000 nmethod 856 0x00007f6d7c2aae50 code [0x00007f6d7c2aaf80, 0x00007f6d7c2aafd8]
Event: 35.170 Thread 0x00007f6d800ae000  857             com.android.dx.dex.file.TypeIdsSection::get (71 bytes)
Event: 35.187 Thread 0x00007f6d800ae000 nmethod 857 0x00007f6d7c2a8c50 code [0x00007f6d7c2a8dc0, 0x00007f6d7c2a9098]
Event: 35.187 Thread 0x00007f6d800ae000  858             com.android.dx.rop.code.RegisterSpecList::withOffset (76 bytes)
Event: 35.218 Thread 0x00007f6d800ae000 nmethod 858 0x00007f6d7c2a8150 code [0x00007f6d7c2a82e0, 0x00007f6d7c2a87c8]
Event: 35.218 Thread 0x00007f6d800ae000  859             com.android.dx.dex.code.OutputFinisher::performExpansion (273 bytes)

GC Heap History (10 events):
Event: 3.134 GC heap before
{Heap before GC invocations=2 (full 0):
 PSYoungGen      total 17920K, used 17909K [0x00000000eaa80000, 0x00000000ecd80000, 0x0000000100000000)
  eden space 15360K, 100% used [0x00000000eaa80000,0x00000000eb980000,0x00000000eb980000)
  from space 2560K, 99% used [0x00000000eb980000,0x00000000ebbfd618,0x00000000ebc00000)
  to   space 2560K, 0% used [0x00000000ecb00000,0x00000000ecb00000,0x00000000ecd80000)
 ParOldGen       total 40448K, used 515K [0x00000000c0000000, 0x00000000c2780000, 0x00000000eaa80000)
  object space 40448K, 1% used [0x00000000c0000000,0x00000000c0080de0,0x00000000c2780000)
 PSPermGen       total 21504K, used 6023K [0x00000000b5a00000, 0x00000000b6f00000, 0x00000000c0000000)
  object space 21504K, 28% used [0x00000000b5a00000,0x00000000b5fe1f48,0x00000000b6f00000)
Event: 3.154 GC heap after
Heap after GC invocations=2 (full 0):
 PSYoungGen      total 33280K, used 2536K [0x00000000eaa80000, 0x00000000ecd80000, 0x0000000100000000)
  eden space 30720K, 0% used [0x00000000eaa80000,0x00000000eaa80000,0x00000000ec880000)
  from space 2560K, 99% used [0x00000000ecb00000,0x00000000ecd7a2f0,0x00000000ecd80000)
  to   space 2560K, 0% used [0x00000000ec880000,0x00000000ec880000,0x00000000ecb00000)
 ParOldGen       total 40448K, used 2029K [0x00000000c0000000, 0x00000000c2780000, 0x00000000eaa80000)
  object space 40448K, 5% used [0x00000000c0000000,0x00000000c01fb450,0x00000000c2780000)
 PSPermGen       total 21504K, used 6023K [0x00000000b5a00000, 0x00000000b6f00000, 0x00000000c0000000)
  object space 21504K, 28% used [0x00000000b5a00000,0x00000000b5fe1f48,0x00000000b6f00000)
}
Event: 5.493 GC heap before
{Heap before GC invocations=3 (full 0):
 PSYoungGen      total 33280K, used 33256K [0x00000000eaa80000, 0x00000000ecd80000, 0x0000000100000000)
  eden space 30720K, 100% used [0x00000000eaa80000,0x00000000ec880000,0x00000000ec880000)
  from space 2560K, 99% used [0x00000000ecb00000,0x00000000ecd7a2f0,0x00000000ecd80000)
  to   space 2560K, 0% used [0x00000000ec880000,0x00000000ec880000,0x00000000ecb00000)
 ParOldGen       total 40448K, used 2029K [0x00000000c0000000, 0x00000000c2780000, 0x00000000eaa80000)
  object space 40448K, 5% used [0x00000000c0000000,0x00000000c01fb450,0x00000000c2780000)
 PSPermGen       total 21504K, used 6161K [0x00000000b5a00000, 0x00000000b6f00000, 0x00000000c0000000)
  object space 21504K, 28% used [0x00000000b5a00000,0x00000000b6004440,0x00000000b6f00000)
Event: 5.547 GC heap after
Heap after GC invocations=3 (full 0):
 PSYoungGen      total 33280K, used 2551K [0x00000000eaa80000, 0x00000000eeb80000, 0x0000000100000000)
  eden space 30720K, 0% used [0x00000000eaa80000,0x00000000eaa80000,0x00000000ec880000)
  from space 2560K, 99% used [0x00000000ec880000,0x00000000ecafde88,0x00000000ecb00000)
  to   space 2560K, 0% used [0x00000000ee900000,0x00000000ee900000,0x00000000eeb80000)
 ParOldGen       total 40448K, used 7034K [0x00000000c0000000, 0x00000000c2780000, 0x00000000eaa80000)
  object space 40448K, 17% used [0x00000000c0000000,0x00000000c06de9a0,0x00000000c2780000)
 PSPermGen       total 21504K, used 6161K [0x00000000b5a00000, 0x00000000b6f00000, 0x00000000c0000000)
  object space 21504K, 28% used [0x00000000b5a00000,0x00000000b6004440,0x00000000b6f00000)
}
Event: 7.526 GC heap before
{Heap before GC invocations=4 (full 0):
 PSYoungGen      total 33280K, used 33271K [0x00000000eaa80000, 0x00000000eeb80000, 0x0000000100000000)
  eden space 30720K, 100% used [0x00000000eaa80000,0x00000000ec880000,0x00000000ec880000)
  from space 2560K, 99% used [0x00000000ec880000,0x00000000ecafde88,0x00000000ecb00000)
  to   space 2560K, 0% used [0x00000000ee900000,0x00000000ee900000,0x00000000eeb80000)
 ParOldGen       total 40448K, used 7034K [0x00000000c0000000, 0x00000000c2780000, 0x00000000eaa80000)
  object space 40448K, 17% used [0x00000000c0000000,0x00000000c06de9a0,0x00000000c2780000)
 PSPermGen       total 21504K, used 6191K [0x00000000b5a00000, 0x00000000b6f00000, 0x00000000c0000000)
  object space 21504K, 28% used [0x00000000b5a00000,0x00000000b600be10,0x00000000b6f00000)
Event: 7.551 GC heap after
Heap after GC invocations=4 (full 0):
 PSYoungGen      total 64000K, used 2537K [0x00000000eaa80000, 0x00000000eeb80000, 0x0000000100000000)
  eden space 61440K, 0% used [0x00000000eaa80000,0x00000000eaa80000,0x00000000ee680000)
  from space 2560K, 99% used [0x00000000ee900000,0x00000000eeb7a698,0x00000000eeb80000)
  to   space 2560K, 0% used [0x00000000ee680000,0x00000000ee680000,0x00000000ee900000)
 ParOldGen       total 40448K, used 11869K [0x00000000c0000000, 0x00000000c2780000, 0x00000000eaa80000)
  object space 40448K, 29% used [0x00000000c0000000,0x00000000c0b97430,0x00000000c2780000)
 PSPermGen       total 21504K, used 6191K [0x00000000b5a00000, 0x00000000b6f00000, 0x00000000c0000000)
  object space 21504K, 28% used [0x00000000b5a00000,0x00000000b600be10,0x00000000b6f00000)
}
Event: 10.498 GC heap before
{Heap before GC invocations=5 (full 0):
 PSYoungGen      total 64000K, used 63977K [0x00000000eaa80000, 0x00000000eeb80000, 0x0000000100000000)
  eden space 61440K, 100% used [0x00000000eaa80000,0x00000000ee680000,0x00000000ee680000)
  from space 2560K, 99% used [0x00000000ee900000,0x00000000eeb7a698,0x00000000eeb80000)
  to   space 2560K, 0% used [0x00000000ee680000,0x00000000ee680000,0x00000000ee900000)
 ParOldGen       total 40448K, used 11869K [0x00000000c0000000, 0x00000000c2780000, 0x00000000eaa80000)
  object space 40448K, 29% used [0x00000000c0000000,0x00000000c0b97430,0x00000000c2780000)
 PSPermGen       total 21504K, used 6237K [0x00000000b5a00000, 0x00000000b6f00000, 0x00000000c0000000)
  object space 21504K, 29% used [0x00000000b5a00000,0x00000000b6017790,0x00000000b6f00000)
Event: 10.577 GC heap after
Heap after GC invocations=5 (full 0):
 PSYoungGen      total 64000K, used 2554K [0x00000000eaa80000, 0x00000000f3d80000, 0x0000000100000000)
  eden space 61440K, 0% used [0x00000000eaa80000,0x00000000eaa80000,0x00000000ee680000)
  from space 2560K, 99% used [0x00000000ee680000,0x00000000ee8fe9c8,0x00000000ee900000)
  to   space 13824K, 0% used [0x00000000f3000000,0x00000000f3000000,0x00000000f3d80000)
 ParOldGen       total 40448K, used 21978K [0x00000000c0000000, 0x00000000c2780000, 0x00000000eaa80000)
  object space 40448K, 54% used [0x00000000c0000000,0x00000000c1576ba0,0x00000000c2780000)
 PSPermGen       total 21504K, used 6237K [0x00000000b5a00000, 0x00000000b6f00000, 0x00000000c0000000)
  object space 21504K, 29% used [0x00000000b5a00000,0x00000000b6017790,0x00000000b6f00000)
}
Event: 14.940 GC heap before
{Heap before GC invocations=6 (full 0):
 PSYoungGen      total 64000K, used 63994K [0x00000000eaa80000, 0x00000000f3d80000, 0x0000000100000000)
  eden space 61440K, 100% used [0x00000000eaa80000,0x00000000ee680000,0x00000000ee680000)
  from space 2560K, 99% used [0x00000000ee680000,0x00000000ee8fe9c8,0x00000000ee900000)
  to   space 13824K, 0% used [0x00000000f3000000,0x00000000f3000000,0x00000000f3d80000)
 ParOldGen       total 40448K, used 21978K [0x00000000c0000000, 0x00000000c2780000, 0x00000000eaa80000)
  object space 40448K, 54% used [0x00000000c0000000,0x00000000c1576ba0,0x00000000c2780000)
 PSPermGen       total 21504K, used 6274K [0x00000000b5a00000, 0x00000000b6f00000, 0x00000000c0000000)
  object space 21504K, 29% used [0x00000000b5a00000,0x00000000b6020b58,0x00000000b6f00000)
Event: 15.063 GC heap after
Heap after GC invocations=6 (full 0):
 PSYoungGen      total 135680K, used 11343K [0x00000000eaa80000, 0x00000000f3f80000, 0x0000000100000000)
  eden space 121856K, 0% used [0x00000000eaa80000,0x00000000eaa80000,0x00000000f2180000)
  from space 13824K, 82% used [0x00000000f3000000,0x00000000f3b13e00,0x00000000f3d80000)
  to   space 14848K, 0% used [0x00000000f2180000,0x00000000f2180000,0x00000000f3000000)
 ParOldGen       total 40448K, used 21978K [0x00000000c0000000, 0x00000000c2780000, 0x00000000eaa80000)
  object space 40448K, 54% used [0x00000000c0000000,0x00000000c1576ba0,0x00000000c2780000)
 PSPermGen       total 21504K, used 6274K [0x00000000b5a00000, 0x00000000b6f00000, 0x00000000c0000000)
  object space 21504K, 29% used [0x00000000b5a00000,0x00000000b6020b58,0x00000000b6f00000)
}

Deoptimization events (10 events):
Event: 8.072 Thread 0x00007f6d801d6800 Uncommon trap: reason=unreached action=reinterpret pc=0x00007f6d7c05688c method=com.android.dx.ssa.SsaMethod.updateOneDefinition(Lcom/android/dx/ssa/SsaInsn;Lcom/android/dx/rop/code/RegisterSpec;)V @ 4
Event: 29.741 Thread 0x00007f6d8000a800 Uncommon trap: reason=class_check action=maybe_recompile pc=0x00007f6d7bfe7684 method=com.android.dx.util.FixedSizeList.equals(Ljava/lang/Object;)Z @ 25
Event: 29.953 Thread 0x00007f6d8000a800 Uncommon trap: reason=class_check action=maybe_recompile pc=0x00007f6d7bfe7684 method=com.android.dx.util.FixedSizeList.equals(Ljava/lang/Object;)Z @ 25
Event: 29.954 Thread 0x00007f6d8000a800 Uncommon trap: reason=class_check action=maybe_recompile pc=0x00007f6d7c01b0c0 method=java.util.Arrays.equals([Ljava/lang/Object;[Ljava/lang/Object;)Z @ 62
Event: 29.954 Thread 0x00007f6d8000a800 Uncommon trap: reason=class_check action=maybe_recompile pc=0x00007f6d7bfe7684 method=com.android.dx.util.FixedSizeList.equals(Ljava/lang/Object;)Z @ 25
Event: 29.954 Thread 0x00007f6d8000a800 Uncommon trap: reason=class_check action=maybe_recompile pc=0x00007f6d7c01b0c0 method=java.util.Arrays.equals([Ljava/lang/Object;[Ljava/lang/Object;)Z @ 62
Event: 29.954 Thread 0x00007f6d8000a800 Uncommon trap: reason=class_check action=maybe_recompile pc=0x00007f6d7bfe7684 method=com.android.dx.util.FixedSizeList.equals(Ljava/lang/Object;)Z @ 25
Event: 29.954 Thread 0x00007f6d8000a800 Uncommon trap: reason=class_check action=maybe_recompile pc=0x00007f6d7c01b0c0 method=java.util.Arrays.equals([Ljava/lang/Object;[Ljava/lang/Object;)Z @ 62
Event: 29.954 Thread 0x00007f6d8000a800 Uncommon trap: reason=class_check action=maybe_recompile pc=0x00007f6d7c01b0c0 method=java.util.Arrays.equals([Ljava/lang/Object;[Ljava/lang/Object;)Z @ 62
Event: 34.001 Thread 0x00007f6d8000a800 Uncommon trap: reason=predicate action=maybe_recompile pc=0x00007f6d7c257970 method=java.util.ComparableTimSort.binarySort([Ljava/lang/Object;III)V @ 37

Internal exceptions (10 events):
Event: 29.664 Thread 0x00007f6d8000a800 Threw 0x00000000f12e5990 at /build/buildd/openjdk-7-7u71-2.5.3/build/openjdk/hotspot/src/share/vm/prims/jvm.cpp:1284
Event: 29.665 Thread 0x00007f6d8000a800 Threw 0x00000000f12ecd08 at /build/buildd/openjdk-7-7u71-2.5.3/build/openjdk/hotspot/src/share/vm/prims/jvm.cpp:1284
Event: 29.666 Thread 0x00007f6d8000a800 Threw 0x00000000f12f0268 at /build/buildd/openjdk-7-7u71-2.5.3/build/openjdk/hotspot/src/share/vm/prims/jvm.cpp:1284
Event: 29.678 Thread 0x00007f6d8000a800 Threw 0x00000000f12f5710 at /build/buildd/openjdk-7-7u71-2.5.3/build/openjdk/hotspot/src/share/vm/prims/jvm.cpp:1284
Event: 29.679 Thread 0x00007f6d8000a800 Threw 0x00000000f12fa2f8 at /build/buildd/openjdk-7-7u71-2.5.3/build/openjdk/hotspot/src/share/vm/prims/jvm.cpp:1284
Event: 29.740 Thread 0x00007f6d8000a800 Threw 0x00000000f130b990 at /build/buildd/openjdk-7-7u71-2.5.3/build/openjdk/hotspot/src/share/vm/prims/jvm.cpp:1284
Event: 29.741 Thread 0x00007f6d8000a800 Threw 0x00000000f130efb8 at /build/buildd/openjdk-7-7u71-2.5.3/build/openjdk/hotspot/src/share/vm/prims/jvm.cpp:1284
Event: 29.742 Thread 0x00007f6d8000a800 Threw 0x00000000f1312850 at /build/buildd/openjdk-7-7u71-2.5.3/build/openjdk/hotspot/src/share/vm/prims/jvm.cpp:1284
Event: 29.784 Thread 0x00007f6d8000a800 Threw 0x00000000f1323a08 at /build/buildd/openjdk-7-7u71-2.5.3/build/openjdk/hotspot/src/share/vm/prims/jvm.cpp:1284
Event: 37.750 Thread 0x00007f6d8000a800 Threw 0x00000000f1c5af50 at /build/buildd/openjdk-7-7u71-2.5.3/build/openjdk/hotspot/src/share/vm/prims/jvm.cpp:1284

Events (10 events):
Event: 29.954 Thread 0x00007f6d8000a800 DEOPT PACKING pc=0x00007f6d7c01b0c0 sp=0x00007f6d865da1b0
Event: 29.954 Thread 0x00007f6d8000a800 DEOPT UNPACKING pc=0x00007f6d7bfad445 sp=0x00007f6d865da170 mode 2
Event: 29.954 Thread 0x00007f6d8000a800 Uncommon trap: trap_request=0xffffffde fr.pc=0x00007f6d7c01b0c0
Event: 29.954 Thread 0x00007f6d8000a800 DEOPT PACKING pc=0x00007f6d7c01b0c0 sp=0x00007f6d865da1c0
Event: 29.954 Thread 0x00007f6d8000a800 DEOPT UNPACKING pc=0x00007f6d7bfad445 sp=0x00007f6d865da180 mode 2
Event: 34.001 Thread 0x00007f6d8000a800 Uncommon trap: trap_request=0xffffff86 fr.pc=0x00007f6d7c257970
Event: 34.001 Thread 0x00007f6d8000a800 DEOPT PACKING pc=0x00007f6d7c257970 sp=0x00007f6d865da1e0
Event: 34.001 Thread 0x00007f6d8000a800 DEOPT UNPACKING pc=0x00007f6d7bfad445 sp=0x00007f6d865da1c0 mode 2
Event: 37.749 loading class 0x00007f6d3800aef0
Event: 37.749 loading class 0x00007f6d3800aef0 done


Dynamic libraries:
00400000-00401000 r-xp 00000000 08:06 1156304                            /usr/lib/jvm/java-7-openjdk-amd64/jre/bin/java
00600000-00601000 r--p 00000000 08:06 1156304                            /usr/lib/jvm/java-7-openjdk-amd64/jre/bin/java
00601000-00602000 rw-p 00001000 08:06 1156304                            /usr/lib/jvm/java-7-openjdk-amd64/jre/bin/java
01452000-01473000 rw-p 00000000 00:00 0                                  [heap]
b5a00000-b6f00000 rw-p 00000000 00:00 0 
b6f00000-c0000000 rw-p 00000000 00:00 0 
c0000000-c2780000 rw-p 00000000 00:00 0 
c2780000-eaa80000 rw-p 00000000 00:00 0 
eaa80000-f3f80000 rw-p 00000000 00:00 0 
f3f80000-100000000 rw-p 00000000 00:00 0 
7f6d2c000000-7f6d2c023000 rw-p 00000000 00:00 0 
7f6d2c023000-7f6d30000000 ---p 00000000 00:00 0 
7f6d30000000-7f6d30024000 rw-p 00000000 00:00 0 
7f6d30024000-7f6d34000000 ---p 00000000 00:00 0 
7f6d34000000-7f6d34021000 rw-p 00000000 00:00 0 
7f6d34021000-7f6d38000000 ---p 00000000 00:00 0 
7f6d38000000-7f6d38021000 rw-p 00000000 00:00 0 
7f6d38021000-7f6d3c000000 ---p 00000000 00:00 0 
7f6d3c000000-7f6d3c021000 rw-p 00000000 00:00 0 
7f6d3c021000-7f6d40000000 ---p 00000000 00:00 0 
7f6d40000000-7f6d40030000 rw-p 00000000 00:00 0 
7f6d40030000-7f6d44000000 ---p 00000000 00:00 0 
7f6d44000000-7f6d457f5000 rw-p 00000000 00:00 0 
7f6d457f5000-7f6d48000000 ---p 00000000 00:00 0 
7f6d48000000-7f6d48021000 rw-p 00000000 00:00 0 
7f6d48021000-7f6d4c000000 ---p 00000000 00:00 0 
7f6d4c000000-7f6d4c021000 rw-p 00000000 00:00 0 
7f6d4c021000-7f6d50000000 ---p 00000000 00:00 0 
7f6d50000000-7f6d513f9000 rw-p 00000000 00:00 0 
7f6d513f9000-7f6d54000000 ---p 00000000 00:00 0 
7f6d54000000-7f6d54021000 rw-p 00000000 00:00 0 
7f6d54021000-7f6d58000000 ---p 00000000 00:00 0 
7f6d58000000-7f6d58021000 rw-p 00000000 00:00 0 
7f6d58021000-7f6d5c000000 ---p 00000000 00:00 0 
7f6d5c000000-7f6d5c021000 rw-p 00000000 00:00 0 
7f6d5c021000-7f6d60000000 ---p 00000000 00:00 0 
7f6d60000000-7f6d60021000 rw-p 00000000 00:00 0 
7f6d60021000-7f6d64000000 ---p 00000000 00:00 0 
7f6d64000000-7f6d64021000 rw-p 00000000 00:00 0 
7f6d64021000-7f6d68000000 ---p 00000000 00:00 0 
7f6d6c000000-7f6d6c021000 rw-p 00000000 00:00 0 
7f6d6c021000-7f6d70000000 ---p 00000000 00:00 0 
7f6d71291000-7f6d71294000 ---p 00000000 00:00 0 
7f6d71294000-7f6d71392000 rw-p 00000000 00:00 0 
7f6d71392000-7f6d71395000 ---p 00000000 00:00 0 
7f6d71395000-7f6d71493000 rw-p 00000000 00:00 0 
7f6d71493000-7f6d71496000 ---p 00000000 00:00 0 
7f6d71496000-7f6d71594000 rw-p 00000000 00:00 0 
7f6d71594000-7f6d71597000 ---p 00000000 00:00 0 
7f6d71597000-7f6d71695000 rw-p 00000000 00:00 0 
7f6d71695000-7f6d71698000 ---p 00000000 00:00 0 
7f6d71698000-7f6d71796000 rw-p 00000000 00:00 0 
7f6d71796000-7f6d717d3000 r-xp 00000000 08:06 5589796                    /lib/x86_64-linux-gnu/libpcre.so.3.13.1
7f6d717d3000-7f6d719d2000 ---p 0003d000 08:06 5589796                    /lib/x86_64-linux-gnu/libpcre.so.3.13.1
7f6d719d2000-7f6d719d3000 r--p 0003c000 08:06 5589796                    /lib/x86_64-linux-gnu/libpcre.so.3.13.1
7f6d719d3000-7f6d719d4000 rw-p 0003d000 08:06 5589796                    /lib/x86_64-linux-gnu/libpcre.so.3.13.1
7f6d719d4000-7f6d719db000 r-xp 00000000 08:06 666568                     /usr/lib/x86_64-linux-gnu/libffi.so.6.0.1
7f6d719db000-7f6d71bda000 ---p 00007000 08:06 666568                     /usr/lib/x86_64-linux-gnu/libffi.so.6.0.1
7f6d71bda000-7f6d71bdb000 r--p 00006000 08:06 666568                     /usr/lib/x86_64-linux-gnu/libffi.so.6.0.1
7f6d71bdb000-7f6d71bdc000 rw-p 00007000 08:06 666568                     /usr/lib/x86_64-linux-gnu/libffi.so.6.0.1
7f6d71bdc000-7f6d71bf3000 r-xp 00000000 08:06 5589707                    /lib/x86_64-linux-gnu/libresolv-2.19.so
7f6d71bf3000-7f6d71df3000 ---p 00017000 08:06 5589707                    /lib/x86_64-linux-gnu/libresolv-2.19.so
7f6d71df3000-7f6d71df4000 r--p 00017000 08:06 5589707                    /lib/x86_64-linux-gnu/libresolv-2.19.so
7f6d71df4000-7f6d71df5000 rw-p 00018000 08:06 5589707                    /lib/x86_64-linux-gnu/libresolv-2.19.so
7f6d71df5000-7f6d71df7000 rw-p 00000000 00:00 0 
7f6d71df7000-7f6d71e17000 r-xp 00000000 08:06 5590006                    /lib/x86_64-linux-gnu/libselinux.so.1
7f6d71e17000-7f6d72016000 ---p 00020000 08:06 5590006                    /lib/x86_64-linux-gnu/libselinux.so.1
7f6d72016000-7f6d72017000 r--p 0001f000 08:06 5590006                    /lib/x86_64-linux-gnu/libselinux.so.1
7f6d72017000-7f6d72018000 rw-p 00020000 08:06 5590006                    /lib/x86_64-linux-gnu/libselinux.so.1
7f6d72018000-7f6d7201a000 rw-p 00000000 00:00 0 
7f6d7201a000-7f6d7201d000 r-xp 00000000 08:06 666543                     /usr/lib/x86_64-linux-gnu/libgmodule-2.0.so.0.4002.0
7f6d7201d000-7f6d7221c000 ---p 00003000 08:06 666543                     /usr/lib/x86_64-linux-gnu/libgmodule-2.0.so.0.4002.0
7f6d7221c000-7f6d7221d000 r--p 00002000 08:06 666543                     /usr/lib/x86_64-linux-gnu/libgmodule-2.0.so.0.4002.0
7f6d7221d000-7f6d7221e000 rw-p 00003000 08:06 666543                     /usr/lib/x86_64-linux-gnu/libgmodule-2.0.so.0.4002.0
7f6d7221e000-7f6d72324000 r-xp 00000000 08:06 5589633                    /lib/x86_64-linux-gnu/libglib-2.0.so.0.4002.0
7f6d72324000-7f6d72523000 ---p 00106000 08:06 5589633                    /lib/x86_64-linux-gnu/libglib-2.0.so.0.4002.0
7f6d72523000-7f6d72524000 r--p 00105000 08:06 5589633                    /lib/x86_64-linux-gnu/libglib-2.0.so.0.4002.0
7f6d72524000-7f6d72525000 rw-p 00106000 08:06 5589633                    /lib/x86_64-linux-gnu/libglib-2.0.so.0.4002.0
7f6d72525000-7f6d72526000 rw-p 00000000 00:00 0 
7f6d72526000-7f6d72575000 r-xp 00000000 08:06 666546                     /usr/lib/x86_64-linux-gnu/libgobject-2.0.so.0.4002.0
7f6d72575000-7f6d72775000 ---p 0004f000 08:06 666546                     /usr/lib/x86_64-linux-gnu/libgobject-2.0.so.0.4002.0
7f6d72775000-7f6d72776000 r--p 0004f000 08:06 666546                     /usr/lib/x86_64-linux-gnu/libgobject-2.0.so.0.4002.0
7f6d72776000-7f6d72777000 rw-p 00050000 08:06 666546                     /usr/lib/x86_64-linux-gnu/libgobject-2.0.so.0.4002.0
7f6d72777000-7f6d728e3000 r-xp 00000000 08:06 668051                     /usr/lib/x86_64-linux-gnu/libgio-2.0.so.0.4002.0
7f6d728e3000-7f6d72ae2000 ---p 0016c000 08:06 668051                     /usr/lib/x86_64-linux-gnu/libgio-2.0.so.0.4002.0
7f6d72ae2000-7f6d72ae6000 r--p 0016b000 08:06 668051                     /usr/lib/x86_64-linux-gnu/libgio-2.0.so.0.4002.0
7f6d72ae6000-7f6d72ae8000 rw-p 0016f000 08:06 668051                     /usr/lib/x86_64-linux-gnu/libgio-2.0.so.0.4002.0
7f6d72ae8000-7f6d72aea000 rw-p 00000000 00:00 0 
7f6d72aea000-7f6d72b01000 r-xp 00000000 08:06 1156216                    /usr/lib/jvm/java-7-openjdk-amd64/jre/lib/amd64/libnet.so
7f6d72b01000-7f6d72d00000 ---p 00017000 08:06 1156216                    /usr/lib/jvm/java-7-openjdk-amd64/jre/lib/amd64/libnet.so
7f6d72d00000-7f6d72d01000 r--p 00016000 08:06 1156216                    /usr/lib/jvm/java-7-openjdk-amd64/jre/lib/amd64/libnet.so
7f6d72d01000-7f6d72d02000 rw-p 00017000 08:06 1156216                    /usr/lib/jvm/java-7-openjdk-amd64/jre/lib/amd64/libnet.so
7f6d72d02000-7f6d72d12000 r-xp 00000000 08:06 1156231                    /usr/lib/jvm/java-7-openjdk-amd64/jre/lib/amd64/libnio.so
7f6d72d12000-7f6d72f12000 ---p 00010000 08:06 1156231                    /usr/lib/jvm/java-7-openjdk-amd64/jre/lib/amd64/libnio.so
7f6d72f12000-7f6d72f13000 r--p 00010000 08:06 1156231                    /usr/lib/jvm/java-7-openjdk-amd64/jre/lib/amd64/libnio.so
7f6d72f13000-7f6d72f14000 rw-p 00011000 08:06 1156231                    /usr/lib/jvm/java-7-openjdk-amd64/jre/lib/amd64/libnio.so
7f6d72f14000-7f6d72f15000 ---p 00000000 00:00 0 
7f6d72f15000-7f6d73015000 rw-p 00000000 00:00 0                          [stack:8526]
7f6d73015000-7f6d73018000 ---p 00000000 00:00 0 
7f6d73018000-7f6d73116000 rw-p 00000000 00:00 0                          [stack:8525]
7f6d73116000-7f6d73119000 ---p 00000000 00:00 0 
7f6d73119000-7f6d73217000 rw-p 00000000 00:00 0                          [stack:8524]
7f6d73217000-7f6d7321a000 ---p 00000000 00:00 0 
7f6d7321a000-7f6d73318000 rw-p 00000000 00:00 0                          [stack:8523]
7f6d73318000-7f6d7331b000 ---p 00000000 00:00 0 
7f6d7331b000-7f6d73419000 rw-p 00000000 00:00 0                          [stack:8522]
7f6d73419000-7f6d73afb000 r--p 00000000 08:06 665405                     /usr/lib/locale/locale-archive
7f6d73afb000-7f6d73afe000 ---p 00000000 00:00 0 
7f6d73afe000-7f6d73bfc000 rw-p 00000000 00:00 0                          [stack:8521]
7f6d73bfc000-7f6d73bff000 ---p 00000000 00:00 0 
7f6d73bff000-7f6d73cfd000 rw-p 00000000 00:00 0                          [stack:8520]
7f6d73cfd000-7f6d73cfe000 ---p 00000000 00:00 0 
7f6d73cfe000-7f6d74000000 rw-p 00000000 00:00 0                          [stack:8519]
7f6d74000000-7f6d74021000 rw-p 00000000 00:00 0 
7f6d74021000-7f6d78000000 ---p 00000000 00:00 0 
7f6d780e5000-7f6d780f4000 r--s 000df000 08:06 6048242                    /home/divya/android-sdks/build-tools/23.0.2/lib/dx.jar
7f6d780f4000-7f6d78eef000 rw-p 00000000 00:00 0 
7f6d78eef000-7f6d790a0000 r--s 01d25000 08:06 1156276                    /usr/lib/jvm/java-7-openjdk-amd64/jre/lib/rt.jar
7f6d790a0000-7f6d7b91c000 rw-p 00000000 00:00 0 
7f6d7b91c000-7f6d7b91d000 ---p 00000000 00:00 0 
7f6d7b91d000-7f6d7ba1d000 rw-p 00000000 00:00 0                          [stack:8518]
7f6d7ba1d000-7f6d7ba1e000 ---p 00000000 00:00 0 
7f6d7ba1e000-7f6d7bb1e000 rw-p 00000000 00:00 0                          [stack:8517]
7f6d7bb1e000-7f6d7bb1f000 ---p 00000000 00:00 0 
7f6d7bb1f000-7f6d7bc1f000 rw-p 00000000 00:00 0                          [stack:8516]
7f6d7bc1f000-7f6d7bc20000 ---p 00000000 00:00 0 
7f6d7bc20000-7f6d7bd2b000 rw-p 00000000 00:00 0                          [stack:8515]
7f6d7bd2b000-7f6d7bd73000 rw-p 00000000 00:00 0 
7f6d7bd73000-7f6d7bd87000 rw-p 00000000 00:00 0 
7f6d7bd87000-7f6d7bec8000 rw-p 00000000 00:00 0 
7f6d7bec8000-7f6d7bf13000 rw-p 00000000 00:00 0 
7f6d7bf13000-7f6d7bf73000 rw-p 00000000 00:00 0 
7f6d7bf73000-7f6d7bf74000 rw-p 00000000 00:00 0 
7f6d7bf74000-7f6d7c2b4000 rwxp 00000000 00:00 0 
7f6d7c2c4000-7f6d7ef74000 rw-p 00000000 00:00 0 
7f6d7ef74000-7f6d7ef7c000 r-xp 00000000 08:06 1156209                    /usr/lib/jvm/java-7-openjdk-amd64/jre/lib/amd64/libzip.so
7f6d7ef7c000-7f6d7f17b000 ---p 00008000 08:06 1156209                    /usr/lib/jvm/java-7-openjdk-amd64/jre/lib/amd64/libzip.so
7f6d7f17b000-7f6d7f17c000 r--p 00007000 08:06 1156209                    /usr/lib/jvm/java-7-openjdk-amd64/jre/lib/amd64/libzip.so
7f6d7f17c000-7f6d7f17d000 rw-p 00008000 08:06 1156209                    /usr/lib/jvm/java-7-openjdk-amd64/jre/lib/amd64/libzip.so
7f6d7f17d000-7f6d7f188000 r-xp 00000000 08:06 5589743                    /lib/x86_64-linux-gnu/libnss_files-2.19.so
7f6d7f188000-7f6d7f387000 ---p 0000b000 08:06 5589743                    /lib/x86_64-linux-gnu/libnss_files-2.19.so
7f6d7f387000-7f6d7f388000 r--p 0000a000 08:06 5589743                    /lib/x86_64-linux-gnu/libnss_files-2.19.so
7f6d7f388000-7f6d7f389000 rw-p 0000b000 08:06 5589743                    /lib/x86_64-linux-gnu/libnss_files-2.19.so
7f6d7f389000-7f6d7f394000 r-xp 00000000 08:06 5589766                    /lib/x86_64-linux-gnu/libnss_nis-2.19.so
7f6d7f394000-7f6d7f593000 ---p 0000b000 08:06 5589766                    /lib/x86_64-linux-gnu/libnss_nis-2.19.so
7f6d7f593000-7f6d7f594000 r--p 0000a000 08:06 5589766                    /lib/x86_64-linux-gnu/libnss_nis-2.19.so
7f6d7f594000-7f6d7f595000 rw-p 0000b000 08:06 5589766                    /lib/x86_64-linux-gnu/libnss_nis-2.19.so
7f6d7f595000-7f6d7f5ac000 r-xp 00000000 08:06 5589720                    /lib/x86_64-linux-gnu/libnsl-2.19.so
7f6d7f5ac000-7f6d7f7ab000 ---p 00017000 08:06 5589720                    /lib/x86_64-linux-gnu/libnsl-2.19.so
7f6d7f7ab000-7f6d7f7ac000 r--p 00016000 08:06 5589720                    /lib/x86_64-linux-gnu/libnsl-2.19.so
7f6d7f7ac000-7f6d7f7ad000 rw-p 00017000 08:06 5589720                    /lib/x86_64-linux-gnu/libnsl-2.19.so
7f6d7f7ad000-7f6d7f7af000 rw-p 00000000 00:00 0 
7f6d7f7af000-7f6d7f7b8000 r-xp 00000000 08:06 5589763                    /lib/x86_64-linux-gnu/libnss_compat-2.19.so
7f6d7f7b8000-7f6d7f9b7000 ---p 00009000 08:06 5589763                    /lib/x86_64-linux-gnu/libnss_compat-2.19.so
7f6d7f9b7000-7f6d7f9b8000 r--p 00008000 08:06 5589763                    /lib/x86_64-linux-gnu/libnss_compat-2.19.so
7f6d7f9b8000-7f6d7f9b9000 rw-p 00009000 08:06 5589763                    /lib/x86_64-linux-gnu/libnss_compat-2.19.so
7f6d7f9b9000-7f6d7f9e4000 r-xp 00000000 08:06 1156215                    /usr/lib/jvm/java-7-openjdk-amd64/jre/lib/amd64/libjava.so
7f6d7f9e4000-7f6d7fbe3000 ---p 0002b000 08:06 1156215                    /usr/lib/jvm/java-7-openjdk-amd64/jre/lib/amd64/libjava.so
7f6d7fbe3000-7f6d7fbe4000 r--p 0002a000 08:06 1156215                    /usr/lib/jvm/java-7-openjdk-amd64/jre/lib/amd64/libjava.so
7f6d7fbe4000-7f6d7fbe6000 rw-p 0002b000 08:06 1156215                    /usr/lib/jvm/java-7-openjdk-amd64/jre/lib/amd64/libjava.so
7f6d7fbe6000-7f6d7fbf6000 r-xp 00000000 08:06 1156230                    /usr/lib/jvm/java-7-openjdk-amd64/jre/lib/amd64/libverify.so
7f6d7fbf6000-7f6d7fdf5000 ---p 00010000 08:06 1156230                    /usr/lib/jvm/java-7-openjdk-amd64/jre/lib/amd64/libverify.so
7f6d7fdf5000-7f6d7fdf7000 r--p 0000f000 08:06 1156230                    /usr/lib/jvm/java-7-openjdk-amd64/jre/lib/amd64/libverify.so
7f6d7fdf7000-7f6d7fdf8000 rw-p 00011000 08:06 1156230                    /usr/lib/jvm/java-7-openjdk-amd64/jre/lib/amd64/libverify.so
7f6d7fdf8000-7f6d7fdff000 r-xp 00000000 08:06 5589769                    /lib/x86_64-linux-gnu/librt-2.19.so
7f6d7fdff000-7f6d7fffe000 ---p 00007000 08:06 5589769                    /lib/x86_64-linux-gnu/librt-2.19.so
7f6d7fffe000-7f6d7ffff000 r--p 00006000 08:06 5589769                    /lib/x86_64-linux-gnu/librt-2.19.so
7f6d7ffff000-7f6d80000000 rw-p 00007000 08:06 5589769                    /lib/x86_64-linux-gnu/librt-2.19.so
7f6d80000000-7f6d80217000 rw-p 00000000 00:00 0 
7f6d80217000-7f6d84000000 ---p 00000000 00:00 0 
7f6d84007000-7f6d84012000 rw-p 00000000 00:00 0 
7f6d84012000-7f6d8405a000 rw-p 00000000 00:00 0 
7f6d8405a000-7f6d8406e000 rw-p 00000000 00:00 0 
7f6d8406e000-7f6d841b0000 rw-p 00000000 00:00 0 
7f6d841b0000-7f6d841c6000 r-xp 00000000 08:06 5586949                    /lib/x86_64-linux-gnu/libgcc_s.so.1
7f6d841c6000-7f6d843c5000 ---p 00016000 08:06 5586949                    /lib/x86_64-linux-gnu/libgcc_s.so.1
7f6d843c5000-7f6d843c6000 rw-p 00015000 08:06 5586949                    /lib/x86_64-linux-gnu/libgcc_s.so.1
7f6d843c6000-7f6d844cb000 r-xp 00000000 08:06 5589711                    /lib/x86_64-linux-gnu/libm-2.19.so
7f6d844cb000-7f6d846ca000 ---p 00105000 08:06 5589711                    /lib/x86_64-linux-gnu/libm-2.19.so
7f6d846ca000-7f6d846cb000 r--p 00104000 08:06 5589711                    /lib/x86_64-linux-gnu/libm-2.19.so
7f6d846cb000-7f6d846cc000 rw-p 00105000 08:06 5589711                    /lib/x86_64-linux-gnu/libm-2.19.so
7f6d846cc000-7f6d847b2000 r-xp 00000000 08:06 667196                     /usr/lib/x86_64-linux-gnu/libstdc++.so.6.0.19
7f6d847b2000-7f6d849b1000 ---p 000e6000 08:06 667196                     /usr/lib/x86_64-linux-gnu/libstdc++.so.6.0.19
7f6d849b1000-7f6d849b9000 r--p 000e5000 08:06 667196                     /usr/lib/x86_64-linux-gnu/libstdc++.so.6.0.19
7f6d849b9000-7f6d849bb000 rw-p 000ed000 08:06 667196                     /usr/lib/x86_64-linux-gnu/libstdc++.so.6.0.19
7f6d849bb000-7f6d849d0000 rw-p 00000000 00:00 0 
7f6d849d0000-7f6d854e6000 r-xp 00000000 08:06 1156236                    /usr/lib/jvm/java-7-openjdk-amd64/jre/lib/amd64/server/libjvm.so
7f6d854e6000-7f6d856e5000 ---p 00b16000 08:06 1156236                    /usr/lib/jvm/java-7-openjdk-amd64/jre/lib/amd64/server/libjvm.so
7f6d856e5000-7f6d8577f000 r--p 00b15000 08:06 1156236                    /usr/lib/jvm/java-7-openjdk-amd64/jre/lib/amd64/server/libjvm.so
7f6d8577f000-7f6d857a2000 rw-p 00baf000 08:06 1156236                    /usr/lib/jvm/java-7-openjdk-amd64/jre/lib/amd64/server/libjvm.so
7f6d857a2000-7f6d857d0000 rw-p 00000000 00:00 0 
7f6d857d0000-7f6d857e8000 r-xp 00000000 08:06 5589856                    /lib/x86_64-linux-gnu/libz.so.1.2.8
7f6d857e8000-7f6d859e7000 ---p 00018000 08:06 5589856                    /lib/x86_64-linux-gnu/libz.so.1.2.8
7f6d859e7000-7f6d859e8000 r--p 00017000 08:06 5589856                    /lib/x86_64-linux-gnu/libz.so.1.2.8
7f6d859e8000-7f6d859e9000 rw-p 00018000 08:06 5589856                    /lib/x86_64-linux-gnu/libz.so.1.2.8
7f6d859e9000-7f6d85a02000 r-xp 00000000 08:06 5589724                    /lib/x86_64-linux-gnu/libpthread-2.19.so
7f6d85a02000-7f6d85c01000 ---p 00019000 08:06 5589724                    /lib/x86_64-linux-gnu/libpthread-2.19.so
7f6d85c01000-7f6d85c02000 r--p 00018000 08:06 5589724                    /lib/x86_64-linux-gnu/libpthread-2.19.so
7f6d85c02000-7f6d85c03000 rw-p 00019000 08:06 5589724                    /lib/x86_64-linux-gnu/libpthread-2.19.so
7f6d85c03000-7f6d85c07000 rw-p 00000000 00:00 0 
7f6d85c07000-7f6d85c0a000 r-xp 00000000 08:06 5589745                    /lib/x86_64-linux-gnu/libdl-2.19.so
7f6d85c0a000-7f6d85e09000 ---p 00003000 08:06 5589745                    /lib/x86_64-linux-gnu/libdl-2.19.so
7f6d85e09000-7f6d85e0a000 r--p 00002000 08:06 5589745                    /lib/x86_64-linux-gnu/libdl-2.19.so
7f6d85e0a000-7f6d85e0b000 rw-p 00003000 08:06 5589745                    /lib/x86_64-linux-gnu/libdl-2.19.so
7f6d85e0b000-7f6d85fc6000 r-xp 00000000 08:06 5589767                    /lib/x86_64-linux-gnu/libc-2.19.so
7f6d85fc6000-7f6d861c6000 ---p 001bb000 08:06 5589767                    /lib/x86_64-linux-gnu/libc-2.19.so
7f6d861c6000-7f6d861ca000 r--p 001bb000 08:06 5589767                    /lib/x86_64-linux-gnu/libc-2.19.so
7f6d861ca000-7f6d861cc000 rw-p 001bf000 08:06 5589767                    /lib/x86_64-linux-gnu/libc-2.19.so
7f6d861cc000-7f6d861d1000 rw-p 00000000 00:00 0 
7f6d861d1000-7f6d861de000 r-xp 00000000 08:06 1156213                    /usr/lib/jvm/java-7-openjdk-amd64/jre/lib/amd64/jli/libjli.so
7f6d861de000-7f6d863dd000 ---p 0000d000 08:06 1156213                    /usr/lib/jvm/java-7-openjdk-amd64/jre/lib/amd64/jli/libjli.so
7f6d863dd000-7f6d863de000 r--p 0000c000 08:06 1156213                    /usr/lib/jvm/java-7-openjdk-amd64/jre/lib/amd64/jli/libjli.so
7f6d863de000-7f6d863df000 rw-p 0000d000 08:06 1156213                    /usr/lib/jvm/java-7-openjdk-amd64/jre/lib/amd64/jli/libjli.so
7f6d863df000-7f6d86402000 r-xp 00000000 08:06 5589764                    /lib/x86_64-linux-gnu/ld-2.19.so
7f6d86402000-7f6d86428000 rw-p 00000000 00:00 0 
7f6d86428000-7f6d864db000 rw-p 00000000 00:00 0 
7f6d864db000-7f6d864de000 ---p 00000000 00:00 0 
7f6d864de000-7f6d865e1000 rw-p 00000000 00:00 0                          [stack:8512]
7f6d865e1000-7f6d865e5000 r--s 0003c000 08:06 1156272                    /usr/lib/jvm/java-7-openjdk-amd64/jre/lib/ext/sunpkcs11.jar
7f6d865e5000-7f6d865e6000 r--s 00002000 08:06 1156275                    /usr/lib/jvm/java-7-openjdk-amd64/jre/lib/ext/dnsns.jar
7f6d865e6000-7f6d865e9000 r--s 0000f000 08:06 1156270                    /usr/lib/jvm/java-7-openjdk-amd64/jre/lib/ext/icedtea-sound.jar
7f6d865e9000-7f6d865ed000 r--s 00085000 08:06 1156273                    /usr/lib/jvm/java-7-openjdk-amd64/jre/lib/ext/localedata.jar
7f6d865ed000-7f6d865f1000 r--s 00034000 08:06 1156274                    /usr/lib/jvm/java-7-openjdk-amd64/jre/lib/ext/sunjce_provider.jar
7f6d865f1000-7f6d865f3000 r--s 00006000 08:06 716675                     /usr/share/java/java-atk-wrapper.jar
7f6d865f3000-7f6d865f5000 r--s 00012000 08:06 1156271                    /usr/lib/jvm/java-7-openjdk-amd64/jre/lib/ext/zipfs.jar
7f6d865f5000-7f6d865fd000 rw-s 00000000 08:06 165626                     /tmp/hsperfdata_divya/8510
7f6d865fd000-7f6d865fe000 rw-p 00000000 00:00 0 
7f6d865fe000-7f6d865ff000 r--p 00000000 00:00 0 
7f6d865ff000-7f6d86601000 rw-p 00000000 00:00 0 
7f6d86601000-7f6d86602000 r--p 00022000 08:06 5589764                    /lib/x86_64-linux-gnu/ld-2.19.so
7f6d86602000-7f6d86603000 rw-p 00023000 08:06 5589764                    /lib/x86_64-linux-gnu/ld-2.19.so
7f6d86603000-7f6d86604000 rw-p 00000000 00:00 0 
7fffb1dc1000-7fffb1de2000 rw-p 00000000 00:00 0                          [stack]
7fffb1dfe000-7fffb1e00000 r-xp 00000000 00:00 0                          [vdso]
ffffffffff600000-ffffffffff601000 r-xp 00000000 00:00 0                  [vsyscall]

VM Arguments:
jvm_args: -Djava.awt.headless=true -Xmx1024M -Dfile.encoding=UTF-8 -Duser.country=US -Duser.language=en -Duser.variant 
java_command: com.android.dx.command.Main --dex --num-threads=4 --output /home/divya/Documents/MC/MajorProject/InstaMeet/app/build/intermediates/pre-dexed/debug/com.android.support-appcompat-v7-23.1.1_8951ff313f192b9e6aa7f791cd21368c41705efb.jar /home/divya/Documents/MC/MajorProject/InstaMeet/app/build/intermediates/exploded-aar/com.android.support/appcompat-v7/23.1.1/jars/classes.jar
Launcher Type: SUN_STANDARD

Environment Variables:
PATH=/usr/local/sbin:/usr/local/bin:/usr/sbin:/usr/bin:/sbin:/bin:/usr/games:/usr/local/games:/opt/android-sdk-linux/tools:/opt/android-sdk-linux/platform-tools
LD_LIBRARY_PATH=/opt/android-studio/bin:
SHELL=/bin/bash
DISPLAY=:0

Signal Handlers:
SIGSEGV: [libjvm.so+0x9495e0], sa_mask[0]=0x7ffbfeff, sa_flags=0x10000004
SIGBUS: [libjvm.so+0x9495e0], sa_mask[0]=0x7ffbfeff, sa_flags=0x10000004
SIGFPE: [libjvm.so+0x7c3410], sa_mask[0]=0x7ffbfeff, sa_flags=0x10000004
SIGPIPE: [libjvm.so+0x7c3410], sa_mask[0]=0x7ffbfeff, sa_flags=0x10000004
SIGXFSZ: [libjvm.so+0x7c3410], sa_mask[0]=0x7ffbfeff, sa_flags=0x10000004
SIGILL: [libjvm.so+0x7c3410], sa_mask[0]=0x7ffbfeff, sa_flags=0x10000004
SIGUSR1: SIG_DFL, sa_mask[0]=0x00000000, sa_flags=0x00000000
SIGUSR2: [libjvm.so+0x7c32b0], sa_mask[0]=0x00000004, sa_flags=0x10000004
SIGHUP: [libjvm.so+0x7c3490], sa_mask[0]=0x7ffbfeff, sa_flags=0x10000004
SIGINT: [libjvm.so+0x7c3490], sa_mask[0]=0x7ffbfeff, sa_flags=0x10000004
SIGTERM: [libjvm.so+0x7c3490], sa_mask[0]=0x7ffbfeff, sa_flags=0x10000004
SIGQUIT: [libjvm.so+0x7c3490], sa_mask[0]=0x7ffbfeff, sa_flags=0x10000004
SIGTRAP: SIG_DFL, sa_mask[0]=0x00000000, sa_flags=0x00000000


---------------  S Y S T E M  ---------------

OS:Ubuntu 14.04 (trusty)
uname:Linux 3.13.0-43-generic #72-Ubuntu SMP Mon Dec 8 19:35:06 UTC 2014 x86_64
libc:glibc 2.19 NPTL 2.19 
rlimit: STACK 8192k, CORE 0k, NPROC 29908, NOFILE 4096, AS infinity
load average:17.86 7.73 3.75

/proc/meminfo:
MemTotal:        3905576 kB
MemFree:          592384 kB
Buffers:            3752 kB
Cached:           294604 kB
SwapCached:            0 kB
Active:          2861560 kB
Inactive:         294956 kB
Active(anon):    2860172 kB
Inactive(anon):   253112 kB
Active(file):       1388 kB
Inactive(file):    41844 kB
Unevictable:          32 kB
Mlocked:              32 kB
SwapTotal:             0 kB
SwapFree:              0 kB
Dirty:               280 kB
Writeback:             0 kB
AnonPages:       2858412 kB
Mapped:            49684 kB
Shmem:            254904 kB
Slab:              63732 kB
SReclaimable:      29628 kB
SUnreclaim:        34104 kB
KernelStack:        4672 kB
PageTables:        36308 kB
NFS_Unstable:          0 kB
Bounce:                0 kB
WritebackTmp:          0 kB
CommitLimit:     1952788 kB
Committed_AS:    6495020 kB
VmallocTotal:   34359738367 kB
VmallocUsed:      347264 kB
VmallocChunk:   34359381980 kB
HardwareCorrupted:     0 kB
AnonHugePages:   1726464 kB
HugePages_Total:       0
HugePages_Free:        0
HugePages_Rsvd:        0
HugePages_Surp:        0
Hugepagesize:       2048 kB
DirectMap4k:       81204 kB
DirectMap2M:     3971072 kB


CPU:total 4 (2 cores per cpu, 2 threads per core) family 6 model 58 stepping 9, cmov, cx8, fxsr, mmx, sse, sse2, sse3, ssse3, sse4.1, sse4.2, popcnt, avx, erms, ht, tsc, tscinvbit, tscinv

/proc/cpuinfo:
processor	: 0
vendor_id	: GenuineIntel
cpu family	: 6
model		: 58
model name	: Intel(R) Core(TM) i5-3210M CPU @ 2.50GHz
stepping	: 9
microcode	: 0x12
cpu MHz		: 2500.000
cache size	: 3072 KB
physical id	: 0
siblings	: 4
core id		: 0
cpu cores	: 2
apicid		: 0
initial apicid	: 0
fpu		: yes
fpu_exception	: yes
cpuid level	: 13
wp		: yes
flags		: fpu vme de pse tsc msr pae mce cx8 apic sep mtrr pge mca cmov pat pse36 clflush dts acpi mmx fxsr sse sse2 ss ht tm pbe syscall nx rdtscp lm constant_tsc arch_perfmon pebs bts rep_good nopl xtopology nonstop_tsc aperfmperf eagerfpu pni pclmulqdq dtes64 monitor ds_cpl vmx est tm2 ssse3 cx16 xtpr pdcm pcid sse4_1 sse4_2 x2apic popcnt tsc_deadline_timer xsave avx f16c rdrand lahf_lm ida arat epb xsaveopt pln pts dtherm tpr_shadow vnmi flexpriority ept vpid fsgsbase smep erms
bogomips	: 4988.72
clflush size	: 64
cache_alignment	: 64
address sizes	: 36 bits physical, 48 bits virtual
power management:

processor	: 1
vendor_id	: GenuineIntel
cpu family	: 6
model		: 58
model name	: Intel(R) Core(TM) i5-3210M CPU @ 2.50GHz
stepping	: 9
microcode	: 0x12
cpu MHz		: 2500.000
cache size	: 3072 KB
physical id	: 0
siblings	: 4
core id		: 0
cpu cores	: 2
apicid		: 1
initial apicid	: 1
fpu		: yes
fpu_exception	: yes
cpuid level	: 13
wp		: yes
flags		: fpu vme de pse tsc msr pae mce cx8 apic sep mtrr pge mca cmov pat pse36 clflush dts acpi mmx fxsr sse sse2 ss ht tm pbe syscall nx rdtscp lm constant_tsc arch_perfmon pebs bts rep_good nopl xtopology nonstop_tsc aperfmperf eagerfpu pni pclmulqdq dtes64 monitor ds_cpl vmx est tm2 ssse3 cx16 xtpr pdcm pcid sse4_1 sse4_2 x2apic popcnt tsc_deadline_timer xsave avx f16c rdrand lahf_lm ida arat epb xsaveopt pln pts dtherm tpr_shadow vnmi flexpriority ept vpid fsgsbase smep erms
bogomips	: 4988.72
clflush size	: 64
cache_alignment	: 64
address sizes	: 36 bits physical, 48 bits virtual
power management:

processor	: 2
vendor_id	: GenuineIntel
cpu family	: 6
model		: 58
model name	: Intel(R) Core(TM) i5-3210M CPU @ 2.50GHz
stepping	: 9
microcode	: 0x12
cpu MHz		: 2500.000
cache size	: 3072 KB
physical id	: 0
siblings	: 4
core id		: 1
cpu cores	: 2
apicid		: 2
initial apicid	: 2
fpu		: yes
fpu_exception	: yes
cpuid level	: 13
wp		: yes
flags		: fpu vme de pse tsc msr pae mce cx8 apic sep mtrr pge mca cmov pat pse36 clflush dts acpi mmx fxsr sse sse2 ss ht tm pbe syscall nx rdtscp lm constant_tsc arch_perfmon pebs bts rep_good nopl xtopology nonstop_tsc aperfmperf eagerfpu pni pclmulqdq dtes64 monitor ds_cpl vmx est tm2 ssse3 cx16 xtpr pdcm pcid sse4_1 sse4_2 x2apic popcnt tsc_deadline_timer xsave avx f16c rdrand lahf_lm ida arat epb xsaveopt pln pts dtherm tpr_shadow vnmi flexpriority ept vpid fsgsbase smep erms
bogomips	: 4988.72
clflush size	: 64
cache_alignment	: 64
address sizes	: 36 bits physical, 48 bits virtual
power management:

processor	: 3
vendor_id	: GenuineIntel
cpu family	: 6
model		: 58
model name	: Intel(R) Core(TM) i5-3210M CPU @ 2.50GHz
stepping	: 9
microcode	: 0x12
cpu MHz		: 2500.000
cache size	: 3072 KB
physical id	: 0
siblings	: 4
core id		: 1
cpu cores	: 2
apicid		: 3
initial apicid	: 3
fpu		: yes
fpu_exception	: yes
cpuid level	: 13
wp		: yes
flags		: fpu vme de pse tsc msr pae mce cx8 apic sep mtrr pge mca cmov pat pse36 clflush dts acpi mmx fxsr sse sse2 ss ht tm pbe syscall nx rdtscp lm constant_tsc arch_perfmon pebs bts rep_good nopl xtopology nonstop_tsc aperfmperf eagerfpu pni pclmulqdq dtes64 monitor ds_cpl vmx est tm2 ssse3 cx16 xtpr pdcm pcid sse4_1 sse4_2 x2apic popcnt tsc_deadline_timer xsave avx f16c rdrand lahf_lm ida arat epb xsaveopt pln pts dtherm tpr_shadow vnmi flexpriority ept vpid fsgsbase smep erms
bogomips	: 4988.72
clflush size	: 64
cache_alignment	: 64
address sizes	: 36 bits physical, 48 bits virtual
power management:



Memory: 4k page, physical 3905576k(592384k free), swap 0k(0k free)

vm_info: OpenJDK 64-Bit Server VM (24.65-b04) for linux-amd64 JRE (1.7.0_65-b32), built on Oct 22 2014 04:37:44 by "buildd" with gcc 4.8.2

time: Sun Apr 24 20:38:47 2016
elapsed time: 42 seconds

